<?xml version="1.0" encoding="UTF-8"?>
<robot generator="Robot 5.0.1 (Python 3.9.13 on win32)" generated="20221115 08:56:13.967" rpa="true" schemaversion="3">
<suite id="s1" name="Tasks" source="C:\Users\Mihu\AppData\Local\Temp\workarea6373379a\tasks.robot">
<test id="s1-t1" name="Minimal task" line="6">
<kw name="Log" library="BuiltIn">
<arg>Done.</arg>
<doc>Logs the given message with the given level.</doc>
<msg timestamp="20221115 08:56:14.001" level="INFO">Done.</msg>
<status status="PASS" starttime="20221115 08:56:14.001" endtime="20221115 08:56:14.001"/>
</kw>
<status status="PASS" starttime="20221115 08:56:14.001" endtime="20221115 08:56:14.001"/>
</test>
<doc>Template robot main suite.</doc>
<status status="PASS" starttime="20221115 08:56:13.968" endtime="20221115 08:56:14.002"/>
</suite>
<statistics>
<total>
<stat pass="1" fail="0" skip="0">All Tasks</stat>
</total>
<tag>
</tag>
<suite>
<stat pass="1" fail="0" skip="0" id="s1" name="Tasks">Tasks</stat>
</suite>
</statistics>
<errors>
</errors>
</robot>
